<?xml version="1.0" encoding="UTF-8"?>
<testng-results skipped="0" failed="0" ignored="0" total="1" passed="1">
  <reporter-output>
  </reporter-output>
  <suite name="Discovery" duration-ms="25995" started-at="2017-07-25T12:44:05Z" finished-at="2017-07-25T12:44:31Z">
    <groups>
    </groups>
    <test name="deliveryOptions" duration-ms="25995" started-at="2017-07-25T12:44:05Z" finished-at="2017-07-25T12:44:31Z">
      <class name="testPackage.SubscriptionMoDMedalResearchOffice">
        <test-method status="PASS" signature="SubscriptionMoDMedalResearchOffice()[pri:0, instance:testPackage.SubscriptionMoDMedalResearchOffice@1b554cc]" name="SubscriptionMoDMedalResearchOffice" duration-ms="25979" started-at="2017-07-25T13:44:05Z" finished-at="2017-07-25T13:44:31Z">
          <reporter-output>
          </reporter-output>
        </test-method> <!-- SubscriptionMoDMedalResearchOffice -->
      </class> <!-- testPackage.SubscriptionMoDMedalResearchOffice -->
    </test> <!-- deliveryOptions -->
  </suite> <!-- Discovery -->
</testng-results>
